2019-08-04 15:04:03,506 [localhost-startStop-1] [org.springframework.beans.factory.xml.PluggableSchemaResolver]-[DEBUG] Found XML schema [http://www.springframework.org/schema/beans/spring-beans.xsd] in classpath: org/springframework/beans/factory/xml/spring-beans-4.1.xsd
2019-08-04 15:04:03,628 [localhost-startStop-1] [org.springframework.beans.factory.xml.PluggableSchemaResolver]-[DEBUG] Found XML schema [http://www.springframework.org/schema/context/spring-context.xsd] in classpath: org/springframework/context/config/spring-context-4.1.xsd
2019-08-04 15:04:03,633 [localhost-startStop-1] [org.springframework.beans.factory.xml.PluggableSchemaResolver]-[DEBUG] Found XML schema [http://www.springframework.org/schema/tool/spring-tool-4.1.xsd] in classpath: org/springframework/beans/factory/xml/spring-tool-4.1.xsd
2019-08-04 15:04:03,648 [localhost-startStop-1] [org.springframework.beans.factory.xml.PluggableSchemaResolver]-[DEBUG] Found XML schema [http://www.springframework.org/schema/mvc/spring-mvc-4.0.xsd] in classpath: org/springframework/web/servlet/config/spring-mvc-4.0.xsd
2019-08-04 15:04:03,660 [localhost-startStop-1] [org.springframework.beans.factory.xml.DefaultBeanDefinitionDocumentReader]-[DEBUG] Loading bean definitions
2019-08-04 15:04:03,663 [localhost-startStop-1] [org.springframework.beans.factory.xml.DefaultNamespaceHandlerResolver]-[DEBUG] Loaded NamespaceHandler mappings: {http://www.springframework.org/schema/p=org.springframework.beans.factory.xml.SimplePropertyNamespaceHandler, http://www.springframework.org/schema/mvc=org.springframework.web.servlet.config.MvcNamespaceHandler, http://www.springframework.org/schema/util=org.springframework.beans.factory.xml.UtilNamespaceHandler, http://www.springframework.org/schema/jee=org.springframework.ejb.config.JeeNamespaceHandler, http://www.springframework.org/schema/aop=org.springframework.aop.config.AopNamespaceHandler, http://www.springframework.org/schema/jdbc=org.springframework.jdbc.config.JdbcNamespaceHandler, http://www.springframework.org/schema/cache=org.springframework.cache.config.CacheNamespaceHandler, http://mybatis.org/schema/mybatis-spring=org.mybatis.spring.config.NamespaceHandler, http://www.springframework.org/schema/c=org.springframework.beans.factory.xml.SimpleConstructorNamespaceHandler, http://www.springframework.org/schema/tx=org.springframework.transaction.config.TxNamespaceHandler, http://www.springframework.org/schema/task=org.springframework.scheduling.config.TaskNamespaceHandler, http://www.springframework.org/schema/lang=org.springframework.scripting.config.LangNamespaceHandler, http://www.springframework.org/schema/context=org.springframework.context.config.ContextNamespaceHandler}
2019-08-04 15:04:03,691 [localhost-startStop-1] [org.springframework.core.env.StandardEnvironment]-[DEBUG] Adding [systemProperties] PropertySource with lowest search precedence
2019-08-04 15:04:03,692 [localhost-startStop-1] [org.springframework.core.env.StandardEnvironment]-[DEBUG] Adding [systemEnvironment] PropertySource with lowest search precedence
2019-08-04 15:04:03,692 [localhost-startStop-1] [org.springframework.core.env.StandardEnvironment]-[DEBUG] Initialized StandardEnvironment with PropertySources [systemProperties,systemEnvironment]
2019-08-04 15:04:03,693 [localhost-startStop-1] [org.springframework.context.annotation.ClassPathBeanDefinitionScanner]-[DEBUG] JSR-250 'javax.annotation.ManagedBean' found and supported for component scanning
2019-08-04 15:04:03,694 [localhost-startStop-1] [org.springframework.context.annotation.ClassPathBeanDefinitionScanner]-[DEBUG] JSR-330 'javax.inject.Named' annotation found and supported for component scanning
2019-08-04 15:04:03,695 [localhost-startStop-1] [org.springframework.core.io.support.PathMatchingResourcePatternResolver]-[DEBUG] Looking for matching resources in directory tree [E:\workspace_idea3\taotao-parent\taotao-search\target\classes\com\taotao\search\controller]
2019-08-04 15:04:03,695 [localhost-startStop-1] [org.springframework.core.io.support.PathMatchingResourcePatternResolver]-[DEBUG] Searching directory [E:\workspace_idea3\taotao-parent\taotao-search\target\classes\com\taotao\search\controller] for files matching pattern [E:/workspace_idea3/taotao-parent/taotao-search/target/classes/com/taotao/search/controller/**/*.class]
2019-08-04 15:04:03,697 [localhost-startStop-1] [org.springframework.core.io.support.PathMatchingResourcePatternResolver]-[DEBUG] Resolved location pattern [classpath*:com/taotao/search/controller/**/*.class] to resources [file [E:\workspace_idea3\taotao-parent\taotao-search\target\classes\com\taotao\search\controller\ItemController.class], file [E:\workspace_idea3\taotao-parent\taotao-search\target\classes\com\taotao\search\controller\SearchController.class]]
2019-08-04 15:04:03,808 [localhost-startStop-1] [org.springframework.context.annotation.ClassPathBeanDefinitionScanner]-[DEBUG] Identified candidate component class: file [E:\workspace_idea3\taotao-parent\taotao-search\target\classes\com\taotao\search\controller\ItemController.class]
2019-08-04 15:04:03,812 [localhost-startStop-1] [org.springframework.context.annotation.ClassPathBeanDefinitionScanner]-[DEBUG] Identified candidate component class: file [E:\workspace_idea3\taotao-parent\taotao-search\target\classes\com\taotao\search\controller\SearchController.class]
2019-08-04 15:04:03,914 [localhost-startStop-1] [org.springframework.beans.factory.xml.BeanDefinitionParserDelegate]-[DEBUG] Neither XML 'id' nor 'name' specified - using generated bean name [org.springframework.web.servlet.view.InternalResourceViewResolver#0]
2019-08-04 15:04:03,914 [localhost-startStop-1] [org.springframework.beans.factory.xml.XmlBeanDefinitionReader]-[DEBUG] Loaded 19 bean definitions from location pattern [classpath:spring/springmvc.xml]
2019-08-04 15:04:03,914 [localhost-startStop-1] [org.springframework.web.context.support.XmlWebApplicationContext]-[DEBUG] Bean factory for WebApplicationContext for namespace 'taotao-search-servlet': org.springframework.beans.factory.support.DefaultListableBeanFactory@5f7ee311: defining beans [itemController,searchController,org.springframework.context.annotation.internalConfigurationAnnotationProcessor,org.springframework.context.annotation.internalAutowiredAnnotationProcessor,org.springframework.context.annotation.internalRequiredAnnotationProcessor,org.springframework.context.annotation.internalCommonAnnotationProcessor,mvcContentNegotiationManager,org.springframework.web.servlet.mvc.method.annotation.RequestMappingHandlerMapping#0,org.springframework.format.support.FormattingConversionServiceFactoryBean#0,org.springframework.web.servlet.mvc.method.annotation.RequestMappingHandlerAdapter#0,mvcUriComponentsContributor,org.springframework.web.servlet.handler.MappedInterceptor#0,org.springframework.web.servlet.mvc.method.annotation.ExceptionHandlerExceptionResolver#0,org.springframework.web.servlet.mvc.annotation.ResponseStatusExceptionResolver#0,org.springframework.web.servlet.mvc.support.DefaultHandlerExceptionResolver#0,org.springframework.web.servlet.handler.BeanNameUrlHandlerMapping,org.springframework.web.servlet.mvc.HttpRequestHandlerAdapter,org.springframework.web.servlet.mvc.SimpleControllerHandlerAdapter,org.springframework.web.servlet.view.InternalResourceViewResolver#0]; parent: org.springframework.beans.factory.support.DefaultListableBeanFactory@3389742a
2019-08-04 15:04:03,921 [localhost-startStop-1] [org.springframework.beans.factory.support.DefaultListableBeanFactory]-[DEBUG] Creating shared instance of singleton bean 'org.springframework.context.annotation.internalConfigurationAnnotationProcessor'
2019-08-04 15:04:03,921 [localhost-startStop-1] [org.springframework.beans.factory.support.DefaultListableBeanFactory]-[DEBUG] Creating instance of bean 'org.springframework.context.annotation.internalConfigurationAnnotationProcessor'
2019-08-04 15:04:03,921 [localhost-startStop-1] [org.springframework.beans.factory.support.DefaultListableBeanFactory]-[DEBUG] Eagerly caching bean 'org.springframework.context.annotation.internalConfigurationAnnotationProcessor' to allow for resolving potential circular references
2019-08-04 15:04:04,446 [localhost-startStop-1] [org.springframework.beans.factory.support.DefaultListableBeanFactory]-[DEBUG] Finished creating instance of bean 'org.springframework.context.annotation.internalConfigurationAnnotationProcessor'
2019-08-04 15:04:04,548 [localhost-startStop-1] [org.springframework.beans.factory.support.DefaultListableBeanFactory]-[DEBUG] Creating shared instance of singleton bean 'org.springframework.context.annotation.internalAutowiredAnnotationProcessor'
2019-08-04 15:04:04,548 [localhost-startStop-1] [org.springframework.beans.factory.support.DefaultListableBeanFactory]-[DEBUG] Creating instance of bean 'org.springframework.context.annotation.internalAutowiredAnnotationProcessor'
2019-08-04 15:04:04,552 [localhost-startStop-1] [org.springframework.beans.factory.annotation.AutowiredAnnotationBeanPostProcessor]-[INFO] JSR-330 'javax.inject.Inject' annotation found and supported for autowiring
2019-08-04 15:04:04,552 [localhost-startStop-1] [org.springframework.beans.factory.support.DefaultListableBeanFactory]-[DEBUG] Eagerly caching bean 'org.springframework.context.annotation.internalAutowiredAnnotationProcessor' to allow for resolving potential circular references
2019-08-04 15:04:04,552 [localhost-startStop-1] [org.springframework.beans.factory.support.DefaultListableBeanFactory]-[DEBUG] Finished creating instance of bean 'org.springframework.context.annotation.internalAutowiredAnnotationProcessor'
2019-08-04 15:04:04,552 [localhost-startStop-1] [org.springframework.beans.factory.support.DefaultListableBeanFactory]-[DEBUG] Creating shared instance of singleton bean 'org.springframework.context.annotation.internalRequiredAnnotationProcessor'
2019-08-04 15:04:04,552 [localhost-startStop-1] [org.springframework.beans.factory.support.DefaultListableBeanFactory]-[DEBUG] Creating instance of bean 'org.springframework.context.annotation.internalRequiredAnnotationProcessor'
2019-08-04 15:04:04,552 [localhost-startStop-1] [org.springframework.beans.factory.support.DefaultListableBeanFactory]-[DEBUG] Eagerly caching bean 'org.springframework.context.annotation.internalRequiredAnnotationProcessor' to allow for resolving potential circular references
2019-08-04 15:04:04,552 [localhost-startStop-1] [org.springframework.beans.factory.support.DefaultListableBeanFactory]-[DEBUG] Finished creating instance of bean 'org.springframework.context.annotation.internalRequiredAnnotationProcessor'
2019-08-04 15:04:04,552 [localhost-startStop-1] [org.springframework.beans.factory.support.DefaultListableBeanFactory]-[DEBUG] Creating shared instance of singleton bean 'org.springframework.context.annotation.internalCommonAnnotationProcessor'
2019-08-04 15:04:04,552 [localhost-startStop-1] [org.springframework.beans.factory.support.DefaultListableBeanFactory]-[DEBUG] Creating instance of bean 'org.springframework.context.annotation.internalCommonAnnotationProcessor'
2019-08-04 15:04:04,552 [localhost-startStop-1] [org.springframework.beans.factory.support.DefaultListableBeanFactory]-[DEBUG] Eagerly caching bean 'org.springframework.context.annotation.internalCommonAnnotationProcessor' to allow for resolving potential circular references
2019-08-04 15:04:04,552 [localhost-startStop-1] [org.springframework.beans.factory.support.DefaultListableBeanFactory]-[DEBUG] Finished creating instance of bean 'org.springframework.context.annotation.internalCommonAnnotationProcessor'
2019-08-04 15:04:04,552 [localhost-startStop-1] [org.springframework.beans.factory.support.DefaultListableBeanFactory]-[DEBUG] Creating shared instance of singleton bean 'org.springframework.context.annotation.ConfigurationClassPostProcessor.importAwareProcessor'
2019-08-04 15:04:04,552 [localhost-startStop-1] [org.springframework.beans.factory.support.DefaultListableBeanFactory]-[DEBUG] Creating instance of bean 'org.springframework.context.annotation.ConfigurationClassPostProcessor.importAwareProcessor'
2019-08-04 15:04:04,552 [localhost-startStop-1] [org.springframework.beans.factory.support.DefaultListableBeanFactory]-[DEBUG] Eagerly caching bean 'org.springframework.context.annotation.ConfigurationClassPostProcessor.importAwareProcessor' to allow for resolving potential circular references
2019-08-04 15:04:04,552 [localhost-startStop-1] [org.springframework.beans.factory.support.DefaultListableBeanFactory]-[DEBUG] Finished creating instance of bean 'org.springframework.context.annotation.ConfigurationClassPostProcessor.importAwareProcessor'
2019-08-04 15:04:04,552 [localhost-startStop-1] [org.springframework.beans.factory.support.DefaultListableBeanFactory]-[DEBUG] Creating shared instance of singleton bean 'org.springframework.context.annotation.ConfigurationClassPostProcessor.enhancedConfigurationProcessor'
2019-08-04 15:04:04,552 [localhost-startStop-1] [org.springframework.beans.factory.support.DefaultListableBeanFactory]-[DEBUG] Creating instance of bean 'org.springframework.context.annotation.ConfigurationClassPostProcessor.enhancedConfigurationProcessor'
2019-08-04 15:04:04,552 [localhost-startStop-1] [org.springframework.beans.factory.support.DefaultListableBeanFactory]-[DEBUG] Eagerly caching bean 'org.springframework.context.annotation.ConfigurationClassPostProcessor.enhancedConfigurationProcessor' to allow for resolving potential circular references
2019-08-04 15:04:04,552 [localhost-startStop-1] [org.springframework.beans.factory.support.DefaultListableBeanFactory]-[DEBUG] Finished creating instance of bean 'org.springframework.context.annotation.ConfigurationClassPostProcessor.enhancedConfigurationProcessor'
2019-08-04 15:04:04,552 [localhost-startStop-1] [org.springframework.web.context.support.XmlWebApplicationContext]-[DEBUG] Unable to locate MessageSource with name 'messageSource': using default [org.springframework.context.support.DelegatingMessageSource@54e2ab85]
2019-08-04 15:04:04,552 [localhost-startStop-1] [org.springframework.web.context.support.XmlWebApplicationContext]-[DEBUG] Unable to locate ApplicationEventMulticaster with name 'applicationEventMulticaster': using default [org.springframework.context.event.SimpleApplicationEventMulticaster@6d6ad44c]
2019-08-04 15:04:04,556 [localhost-startStop-1] [org.springframework.ui.context.support.UiApplicationContextUtils]-[DEBUG] Unable to locate ThemeSource with name 'themeSource': using default [org.springframework.ui.context.support.DelegatingThemeSource@7ad96323]
2019-08-04 15:04:04,556 [localhost-startStop-1] [org.springframework.beans.factory.support.DefaultListableBeanFactory]-[DEBUG] Pre-instantiating singletons in org.springframework.beans.factory.support.DefaultListableBeanFactory@5f7ee311: defining beans [itemController,searchController,org.springframework.context.annotation.internalConfigurationAnnotationProcessor,org.springframework.context.annotation.internalAutowiredAnnotationProcessor,org.springframework.context.annotation.internalRequiredAnnotationProcessor,org.springframework.context.annotation.internalCommonAnnotationProcessor,mvcContentNegotiationManager,org.springframework.web.servlet.mvc.method.annotation.RequestMappingHandlerMapping#0,org.springframework.format.support.FormattingConversionServiceFactoryBean#0,org.springframework.web.servlet.mvc.method.annotation.RequestMappingHandlerAdapter#0,mvcUriComponentsContributor,org.springframework.web.servlet.handler.MappedInterceptor#0,org.springframework.web.servlet.mvc.method.annotation.ExceptionHandlerExceptionResolver#0,org.springframework.web.servlet.mvc.annotation.ResponseStatusExceptionResolver#0,org.springframework.web.servlet.mvc.support.DefaultHandlerExceptionResolver#0,org.springframework.web.servlet.handler.BeanNameUrlHandlerMapping,org.springframework.web.servlet.mvc.HttpRequestHandlerAdapter,org.springframework.web.servlet.mvc.SimpleControllerHandlerAdapter,org.springframework.web.servlet.view.InternalResourceViewResolver#0,org.springframework.context.annotation.ConfigurationClassPostProcessor.importAwareProcessor,org.springframework.context.annotation.ConfigurationClassPostProcessor.enhancedConfigurationProcessor]; parent: org.springframework.beans.factory.support.DefaultListableBeanFactory@3389742a
2019-08-04 15:04:04,556 [localhost-startStop-1] [org.springframework.beans.factory.support.DefaultListableBeanFactory]-[DEBUG] Creating shared instance of singleton bean 'itemController'
2019-08-04 15:04:04,559 [localhost-startStop-1] [org.springframework.beans.factory.support.DefaultListableBeanFactory]-[DEBUG] Creating instance of bean 'itemController'
2019-08-04 15:04:04,563 [localhost-startStop-1] [org.springframework.beans.factory.annotation.InjectionMetadata]-[DEBUG] Registered injected element on class [com.taotao.search.controller.ItemController]: AutowiredFieldElement for private com.taotao.search.service.ItemService com.taotao.search.controller.ItemController.itemService
2019-08-04 15:04:04,563 [localhost-startStop-1] [org.springframework.beans.factory.support.DefaultListableBeanFactory]-[DEBUG] Eagerly caching bean 'itemController' to allow for resolving potential circular references
2019-08-04 15:04:04,567 [localhost-startStop-1] [org.springframework.beans.factory.annotation.InjectionMetadata]-[DEBUG] Processing injected method of bean 'itemController': AutowiredFieldElement for private com.taotao.search.service.ItemService com.taotao.search.controller.ItemController.itemService
2019-08-04 15:04:04,571 [localhost-startStop-1] [org.springframework.beans.factory.support.DefaultListableBeanFactory]-[DEBUG] Returning cached instance of singleton bean 'itemServiceImpl'
2019-08-04 15:04:04,571 [localhost-startStop-1] [org.springframework.beans.factory.annotation.AutowiredAnnotationBeanPostProcessor]-[DEBUG] Autowiring by type from bean name 'itemController' to bean named 'itemServiceImpl'
2019-08-04 15:04:04,571 [localhost-startStop-1] [org.springframework.beans.factory.support.DefaultListableBeanFactory]-[DEBUG] Finished creating instance of bean 'itemController'
2019-08-04 15:04:04,571 [localhost-startStop-1] [org.springframework.beans.factory.support.DefaultListableBeanFactory]-[DEBUG] Creating shared instance of singleton bean 'searchController'
2019-08-04 15:04:04,571 [localhost-startStop-1] [org.springframework.beans.factory.support.DefaultListableBeanFactory]-[DEBUG] Creating instance of bean 'searchController'
2019-08-04 15:04:04,571 [localhost-startStop-1] [org.springframework.beans.factory.annotation.InjectionMetadata]-[DEBUG] Registered injected element on class [com.taotao.search.controller.SearchController]: AutowiredFieldElement for private com.taotao.search.service.SearchService com.taotao.search.controller.SearchController.searchService
2019-08-04 15:04:04,571 [localhost-startStop-1] [org.springframework.beans.factory.support.DefaultListableBeanFactory]-[DEBUG] Eagerly caching bean 'searchController' to allow for resolving potential circular references
2019-08-04 15:04:04,575 [localhost-startStop-1] [org.springframework.beans.factory.annotation.InjectionMetadata]-[DEBUG] Processing injected method of bean 'searchController': AutowiredFieldElement for private com.taotao.search.service.SearchService com.taotao.search.controller.SearchController.searchService
2019-08-04 15:04:04,579 [localhost-startStop-1] [org.springframework.beans.factory.support.DefaultListableBeanFactory]-[DEBUG] Returning cached instance of singleton bean 'searchServiceImpl'
2019-08-04 15:04:04,579 [localhost-startStop-1] [org.springframework.beans.factory.annotation.AutowiredAnnotationBeanPostProcessor]-[DEBUG] Autowiring by type from bean name 'searchController' to bean named 'searchServiceImpl'
2019-08-04 15:04:04,579 [localhost-startStop-1] [org.springframework.beans.factory.support.DefaultListableBeanFactory]-[DEBUG] Finished creating instance of bean 'searchController'
2019-08-04 15:04:04,579 [localhost-startStop-1] [org.springframework.beans.factory.support.DefaultListableBeanFactory]-[DEBUG] Returning cached instance of singleton bean 'org.springframework.context.annotation.internalConfigurationAnnotationProcessor'
2019-08-04 15:04:04,579 [localhost-startStop-1] [org.springframework.beans.factory.support.DefaultListableBeanFactory]-[DEBUG] Returning cached instance of singleton bean 'org.springframework.context.annotation.internalAutowiredAnnotationProcessor'
2019-08-04 15:04:04,579 [localhost-startStop-1] [org.springframework.beans.factory.support.DefaultListableBeanFactory]-[DEBUG] Returning cached instance of singleton bean 'org.springframework.context.annotation.internalRequiredAnnotationProcessor'
2019-08-04 15:04:04,579 [localhost-startStop-1] [org.springframework.beans.factory.support.DefaultListableBeanFactory]-[DEBUG] Returning cached instance of singleton bean 'org.springframework.context.annotation.internalCommonAnnotationProcessor'
2019-08-04 15:04:04,579 [localhost-startStop-1] [org.springframework.beans.factory.support.DefaultListableBeanFactory]-[DEBUG] Creating shared instance of singleton bean 'mvcContentNegotiationManager'
2019-08-04 15:04:04,579 [localhost-startStop-1] [org.springframework.beans.factory.support.DefaultListableBeanFactory]-[DEBUG] Creating instance of bean 'mvcContentNegotiationManager'
2019-08-04 15:04:04,579 [localhost-startStop-1] [org.springframework.beans.factory.support.DefaultListableBeanFactory]-[DEBUG] Eagerly caching bean 'mvcContentNegotiationManager' to allow for resolving potential circular references
2019-08-04 15:04:04,595 [localhost-startStop-1] [org.springframework.beans.factory.support.DefaultListableBeanFactory]-[DEBUG] Invoking afterPropertiesSet() on bean with name 'mvcContentNegotiationManager'
2019-08-04 15:04:04,602 [localhost-startStop-1] [org.springframework.beans.factory.support.DefaultListableBeanFactory]-[DEBUG] Finished creating instance of bean 'mvcContentNegotiationManager'
2019-08-04 15:04:04,602 [localhost-startStop-1] [org.springframework.beans.factory.support.DefaultListableBeanFactory]-[DEBUG] Creating shared instance of singleton bean 'org.springframework.web.servlet.mvc.method.annotation.RequestMappingHandlerMapping#0'
2019-08-04 15:04:04,602 [localhost-startStop-1] [org.springframework.beans.factory.support.DefaultListableBeanFactory]-[DEBUG] Creating instance of bean 'org.springframework.web.servlet.mvc.method.annotation.RequestMappingHandlerMapping#0'
2019-08-04 15:04:04,610 [localhost-startStop-1] [org.springframework.beans.factory.support.DefaultListableBeanFactory]-[DEBUG] Eagerly caching bean 'org.springframework.web.servlet.mvc.method.annotation.RequestMappingHandlerMapping#0' to allow for resolving potential circular references
2019-08-04 15:04:04,669 [localhost-startStop-1] [org.springframework.beans.factory.support.DefaultListableBeanFactory]-[DEBUG] Returning cached instance of singleton bean 'mvcContentNegotiationManager'
2019-08-04 15:04:04,669 [localhost-startStop-1] [org.springframework.beans.factory.support.DefaultListableBeanFactory]-[DEBUG] Creating shared instance of singleton bean 'org.springframework.web.servlet.handler.MappedInterceptor#0'
2019-08-04 15:04:04,669 [localhost-startStop-1] [org.springframework.beans.factory.support.DefaultListableBeanFactory]-[DEBUG] Creating instance of bean 'org.springframework.web.servlet.handler.MappedInterceptor#0'
2019-08-04 15:04:04,673 [localhost-startStop-1] [org.springframework.beans.factory.support.DefaultListableBeanFactory]-[DEBUG] Creating instance of bean '(inner bean)#269f1481'
2019-08-04 15:04:04,673 [localhost-startStop-1] [org.springframework.beans.factory.support.DefaultListableBeanFactory]-[DEBUG] Creating shared instance of singleton bean 'org.springframework.format.support.FormattingConversionServiceFactoryBean#0'
2019-08-04 15:04:04,673 [localhost-startStop-1] [org.springframework.beans.factory.support.DefaultListableBeanFactory]-[DEBUG] Creating instance of bean 'org.springframework.format.support.FormattingConversionServiceFactoryBean#0'
2019-08-04 15:04:04,673 [localhost-startStop-1] [org.springframework.beans.factory.support.DefaultListableBeanFactory]-[DEBUG] Eagerly caching bean 'org.springframework.format.support.FormattingConversionServiceFactoryBean#0' to allow for resolving potential circular references
2019-08-04 15:04:04,700 [localhost-startStop-1] [org.springframework.beans.factory.support.DefaultListableBeanFactory]-[DEBUG] Invoking afterPropertiesSet() on bean with name 'org.springframework.format.support.FormattingConversionServiceFactoryBean#0'
2019-08-04 15:04:04,795 [localhost-startStop-1] [org.springframework.beans.factory.support.DefaultListableBeanFactory]-[DEBUG] Finished creating instance of bean 'org.springframework.format.support.FormattingConversionServiceFactoryBean#0'
2019-08-04 15:04:04,806 [localhost-startStop-1] [org.springframework.beans.factory.support.DefaultListableBeanFactory]-[DEBUG] Finished creating instance of bean '(inner bean)#269f1481'
2019-08-04 15:04:04,810 [localhost-startStop-1] [org.springframework.beans.BeanUtils]-[DEBUG] No property editor [org.springframework.web.context.request.WebRequestInterceptorEditor] found for type org.springframework.web.context.request.WebRequestInterceptor according to 'Editor' suffix convention
2019-08-04 15:04:04,810 [localhost-startStop-1] [org.springframework.beans.factory.support.DefaultListableBeanFactory]-[DEBUG] Eagerly caching bean 'org.springframework.web.servlet.handler.MappedInterceptor#0' to allow for resolving potential circular references
2019-08-04 15:04:04,814 [localhost-startStop-1] [org.springframework.beans.factory.support.DefaultListableBeanFactory]-[DEBUG] Finished creating instance of bean 'org.springframework.web.servlet.handler.MappedInterceptor#0'
2019-08-04 15:04:04,814 [localhost-startStop-1] [org.springframework.beans.factory.support.DefaultListableBeanFactory]-[DEBUG] Invoking afterPropertiesSet() on bean with name 'org.springframework.web.servlet.mvc.method.annotation.RequestMappingHandlerMapping#0'
2019-08-04 15:04:04,814 [localhost-startStop-1] [org.springframework.web.servlet.mvc.method.annotation.RequestMappingHandlerMapping]-[DEBUG] Looking for request mappings in application context: WebApplicationContext for namespace 'taotao-search-servlet': startup date [Sun Aug 04 15:04:03 CST 2019]; parent: Root WebApplicationContext
2019-08-04 15:04:04,834 [localhost-startStop-1] [org.springframework.web.servlet.mvc.method.annotation.RequestMappingHandlerMapping]-[INFO] Mapped "{[/manager/importall],methods=[],params=[],headers=[],consumes=[],produces=[],custom=[]}" onto public com.taotao.common.pojo.TaotaoResult com.taotao.search.controller.ItemController.importAllItems()
2019-08-04 15:04:04,834 [localhost-startStop-1] [org.springframework.web.servlet.mvc.method.annotation.RequestMappingHandlerMapping]-[INFO] Mapped "{[/query],methods=[GET],params=[],headers=[],consumes=[],produces=[],custom=[]}" onto public com.taotao.common.pojo.TaotaoResult com.taotao.search.controller.SearchController.search(java.lang.String,java.lang.Integer,java.lang.Integer)
2019-08-04 15:04:04,838 [localhost-startStop-1] [org.springframework.beans.factory.support.DefaultListableBeanFactory]-[DEBUG] Finished creating instance of bean 'org.springframework.web.servlet.mvc.method.annotation.RequestMappingHandlerMapping#0'
2019-08-04 15:04:04,838 [localhost-startStop-1] [org.springframework.beans.factory.support.DefaultListableBeanFactory]-[DEBUG] Returning cached instance of singleton bean 'org.springframework.format.support.FormattingConversionServiceFactoryBean#0'
2019-08-04 15:04:04,838 [localhost-startStop-1] [org.springframework.beans.factory.support.DefaultListableBeanFactory]-[DEBUG] Creating shared instance of singleton bean 'org.springframework.web.servlet.mvc.method.annotation.RequestMappingHandlerAdapter#0'
2019-08-04 15:04:04,838 [localhost-startStop-1] [org.springframework.beans.factory.support.DefaultListableBeanFactory]-[DEBUG] Creating instance of bean 'org.springframework.web.servlet.mvc.method.annotation.RequestMappingHandlerAdapter#0'
2019-08-04 15:04:05,157 [localhost-startStop-1] [org.springframework.beans.factory.support.DefaultListableBeanFactory]-[DEBUG] Eagerly caching bean 'org.springframework.web.servlet.mvc.method.annotation.RequestMappingHandlerAdapter#0' to allow for resolving potential circular references
2019-08-04 15:04:05,165 [localhost-startStop-1] [org.springframework.beans.factory.support.DefaultListableBeanFactory]-[DEBUG] Returning cached instance of singleton bean 'mvcContentNegotiationManager'
2019-08-04 15:04:05,165 [localhost-startStop-1] [org.springframework.beans.factory.support.DefaultListableBeanFactory]-[DEBUG] Creating instance of bean '(inner bean)#6425dca7'
2019-08-04 15:04:05,173 [localhost-startStop-1] [org.springframework.beans.factory.support.DefaultListableBeanFactory]-[DEBUG] Returning cached instance of singleton bean 'org.springframework.format.support.FormattingConversionServiceFactoryBean#0'
2019-08-04 15:04:05,173 [localhost-startStop-1] [org.springframework.beans.factory.support.DefaultListableBeanFactory]-[DEBUG] Finished creating instance of bean '(inner bean)#6425dca7'
2019-08-04 15:04:05,173 [localhost-startStop-1] [org.springframework.beans.factory.support.DefaultListableBeanFactory]-[DEBUG] Creating instance of bean '(inner bean)#2015a8f8'
2019-08-04 15:04:05,181 [localhost-startStop-1] [org.springframework.beans.factory.support.DefaultListableBeanFactory]-[DEBUG] Finished creating instance of bean '(inner bean)#2015a8f8'
2019-08-04 15:04:05,181 [localhost-startStop-1] [org.springframework.beans.factory.support.DefaultListableBeanFactory]-[DEBUG] Creating instance of bean '(inner bean)#72cd87e7'
2019-08-04 15:04:05,189 [localhost-startStop-1] [org.springframework.beans.factory.support.DefaultListableBeanFactory]-[DEBUG] Finished creating instance of bean '(inner bean)#72cd87e7'
2019-08-04 15:04:05,189 [localhost-startStop-1] [org.springframework.beans.factory.support.DefaultListableBeanFactory]-[DEBUG] Creating instance of bean '(inner bean)#1911a306'
2019-08-04 15:04:05,193 [localhost-startStop-1] [org.springframework.beans.factory.support.DefaultListableBeanFactory]-[DEBUG] Finished creating instance of bean '(inner bean)#1911a306'
2019-08-04 15:04:05,193 [localhost-startStop-1] [org.springframework.beans.factory.support.DefaultListableBeanFactory]-[DEBUG] Creating instance of bean '(inner bean)#1a3bac06'
2019-08-04 15:04:05,200 [localhost-startStop-1] [org.springframework.beans.factory.support.DefaultListableBeanFactory]-[DEBUG] Finished creating instance of bean '(inner bean)#1a3bac06'
2019-08-04 15:04:05,200 [localhost-startStop-1] [org.springframework.beans.factory.support.DefaultListableBeanFactory]-[DEBUG] Creating instance of bean '(inner bean)#2220a5ce'
2019-08-04 15:04:05,208 [localhost-startStop-1] [org.springframework.beans.factory.support.DefaultListableBeanFactory]-[DEBUG] Finished creating instance of bean '(inner bean)#2220a5ce'
2019-08-04 15:04:05,208 [localhost-startStop-1] [org.springframework.beans.factory.support.DefaultListableBeanFactory]-[DEBUG] Creating instance of bean '(inner bean)#6c8a1fb9'
2019-08-04 15:04:05,222 [localhost-startStop-1] [org.springframework.beans.factory.support.DefaultListableBeanFactory]-[DEBUG] Finished creating instance of bean '(inner bean)#6c8a1fb9'
2019-08-04 15:04:05,222 [localhost-startStop-1] [org.springframework.beans.factory.support.DefaultListableBeanFactory]-[DEBUG] Creating instance of bean '(inner bean)#49530da3'
2019-08-04 15:04:05,224 [localhost-startStop-1] [org.springframework.beans.factory.support.DefaultListableBeanFactory]-[DEBUG] Creating instance of bean '(inner bean)#406db2f0'
2019-08-04 15:04:05,229 [localhost-startStop-1] [org.springframework.beans.factory.support.DefaultListableBeanFactory]-[DEBUG] Invoking afterPropertiesSet() on bean with name '(inner bean)#406db2f0'
2019-08-04 15:04:05,231 [localhost-startStop-1] [org.springframework.beans.factory.support.DefaultListableBeanFactory]-[DEBUG] Finished creating instance of bean '(inner bean)#406db2f0'
2019-08-04 15:04:05,237 [localhost-startStop-1] [org.springframework.beans.factory.support.DefaultListableBeanFactory]-[DEBUG] Finished creating instance of bean '(inner bean)#49530da3'
2019-08-04 15:04:05,238 [localhost-startStop-1] [org.springframework.beans.factory.support.DefaultListableBeanFactory]-[DEBUG] Creating instance of bean '(inner bean)#3b703ff4'
2019-08-04 15:04:05,244 [localhost-startStop-1] [org.springframework.beans.factory.support.DefaultListableBeanFactory]-[DEBUG] Finished creating instance of bean '(inner bean)#3b703ff4'
2019-08-04 15:04:05,246 [localhost-startStop-1] [org.springframework.beans.factory.support.DefaultListableBeanFactory]-[DEBUG] Invoking afterPropertiesSet() on bean with name 'org.springframework.web.servlet.mvc.method.annotation.RequestMappingHandlerAdapter#0'
2019-08-04 15:04:05,246 [localhost-startStop-1] [org.springframework.web.servlet.mvc.method.annotation.RequestMappingHandlerAdapter]-[INFO] Looking for @ControllerAdvice: WebApplicationContext for namespace 'taotao-search-servlet': startup date [Sun Aug 04 15:04:03 CST 2019]; parent: Root WebApplicationContext
2019-08-04 15:04:05,280 [localhost-startStop-1] [org.springframework.beans.factory.support.DefaultListableBeanFactory]-[DEBUG] Finished creating instance of bean 'org.springframework.web.servlet.mvc.method.annotation.RequestMappingHandlerAdapter#0'
2019-08-04 15:04:05,280 [localhost-startStop-1] [org.springframework.beans.factory.support.DefaultListableBeanFactory]-[DEBUG] Creating shared instance of singleton bean 'mvcUriComponentsContributor'
2019-08-04 15:04:05,280 [localhost-startStop-1] [org.springframework.beans.factory.support.DefaultListableBeanFactory]-[DEBUG] Creating instance of bean 'mvcUriComponentsContributor'
2019-08-04 15:04:05,281 [localhost-startStop-1] [org.springframework.beans.factory.support.DefaultListableBeanFactory]-[DEBUG] Eagerly caching bean 'mvcUriComponentsContributor' to allow for resolving potential circular references
2019-08-04 15:04:05,283 [localhost-startStop-1] [org.springframework.beans.factory.support.DefaultListableBeanFactory]-[DEBUG] Creating instance of bean '(inner bean)#4b22fad6'
2019-08-04 15:04:05,289 [localhost-startStop-1] [org.springframework.beans.factory.support.DefaultListableBeanFactory]-[DEBUG] Returning cached instance of singleton bean 'mvcContentNegotiationManager'
2019-08-04 15:04:05,289 [localhost-startStop-1] [org.springframework.beans.factory.support.DefaultListableBeanFactory]-[DEBUG] Creating instance of bean '(inner bean)#6425dca7#1'
2019-08-04 15:04:05,289 [localhost-startStop-1] [org.springframework.beans.factory.support.DefaultListableBeanFactory]-[DEBUG] Returning cached instance of singleton bean 'org.springframework.format.support.FormattingConversionServiceFactoryBean#0'
2019-08-04 15:04:05,290 [localhost-startStop-1] [org.springframework.beans.factory.support.DefaultListableBeanFactory]-[DEBUG] Finished creating instance of bean '(inner bean)#6425dca7#1'
2019-08-04 15:04:05,290 [localhost-startStop-1] [org.springframework.beans.factory.support.DefaultListableBeanFactory]-[DEBUG] Creating instance of bean '(inner bean)#2015a8f8#1'
2019-08-04 15:04:05,291 [localhost-startStop-1] [org.springframework.beans.factory.support.DefaultListableBeanFactory]-[DEBUG] Finished creating instance of bean '(inner bean)#2015a8f8#1'
2019-08-04 15:04:05,291 [localhost-startStop-1] [org.springframework.beans.factory.support.DefaultListableBeanFactory]-[DEBUG] Creating instance of bean '(inner bean)#72cd87e7#1'
2019-08-04 15:04:05,293 [localhost-startStop-1] [org.springframework.beans.factory.support.DefaultListableBeanFactory]-[DEBUG] Finished creating instance of bean '(inner bean)#72cd87e7#1'
2019-08-04 15:04:05,293 [localhost-startStop-1] [org.springframework.beans.factory.support.DefaultListableBeanFactory]-[DEBUG] Creating instance of bean '(inner bean)#1911a306#1'
2019-08-04 15:04:05,294 [localhost-startStop-1] [org.springframework.beans.factory.support.DefaultListableBeanFactory]-[DEBUG] Finished creating instance of bean '(inner bean)#1911a306#1'
2019-08-04 15:04:05,294 [localhost-startStop-1] [org.springframework.beans.factory.support.DefaultListableBeanFactory]-[DEBUG] Creating instance of bean '(inner bean)#1a3bac06#1'
2019-08-04 15:04:05,295 [localhost-startStop-1] [org.springframework.beans.factory.support.DefaultListableBeanFactory]-[DEBUG] Finished creating instance of bean '(inner bean)#1a3bac06#1'
2019-08-04 15:04:05,295 [localhost-startStop-1] [org.springframework.beans.factory.support.DefaultListableBeanFactory]-[DEBUG] Creating instance of bean '(inner bean)#2220a5ce#1'
2019-08-04 15:04:05,300 [localhost-startStop-1] [org.springframework.beans.factory.support.DefaultListableBeanFactory]-[DEBUG] Finished creating instance of bean '(inner bean)#2220a5ce#1'
2019-08-04 15:04:05,300 [localhost-startStop-1] [org.springframework.beans.factory.support.DefaultListableBeanFactory]-[DEBUG] Creating instance of bean '(inner bean)#6c8a1fb9#1'
2019-08-04 15:04:05,302 [localhost-startStop-1] [org.springframework.beans.factory.support.DefaultListableBeanFactory]-[DEBUG] Finished creating instance of bean '(inner bean)#6c8a1fb9#1'
2019-08-04 15:04:05,302 [localhost-startStop-1] [org.springframework.beans.factory.support.DefaultListableBeanFactory]-[DEBUG] Creating instance of bean '(inner bean)#49530da3#1'
2019-08-04 15:04:05,302 [localhost-startStop-1] [org.springframework.beans.factory.support.DefaultListableBeanFactory]-[DEBUG] Creating instance of bean '(inner bean)#406db2f0#1'
2019-08-04 15:04:05,302 [localhost-startStop-1] [org.springframework.beans.factory.support.DefaultListableBeanFactory]-[DEBUG] Invoking afterPropertiesSet() on bean with name '(inner bean)#406db2f0#1'
2019-08-04 15:04:05,304 [localhost-startStop-1] [org.springframework.beans.factory.support.DefaultListableBeanFactory]-[DEBUG] Finished creating instance of bean '(inner bean)#406db2f0#1'
2019-08-04 15:04:05,304 [localhost-startStop-1] [org.springframework.beans.factory.support.DefaultListableBeanFactory]-[DEBUG] Finished creating instance of bean '(inner bean)#49530da3#1'
2019-08-04 15:04:05,304 [localhost-startStop-1] [org.springframework.beans.factory.support.DefaultListableBeanFactory]-[DEBUG] Creating instance of bean '(inner bean)#3b703ff4#1'
2019-08-04 15:04:05,306 [localhost-startStop-1] [org.springframework.beans.factory.support.DefaultListableBeanFactory]-[DEBUG] Finished creating instance of bean '(inner bean)#3b703ff4#1'
2019-08-04 15:04:05,306 [localhost-startStop-1] [org.springframework.beans.factory.support.DefaultListableBeanFactory]-[DEBUG] Invoking afterPropertiesSet() on bean with name '(inner bean)#4b22fad6'
2019-08-04 15:04:05,306 [localhost-startStop-1] [org.springframework.web.servlet.mvc.method.annotation.RequestMappingHandlerAdapter]-[INFO] Looking for @ControllerAdvice: WebApplicationContext for namespace 'taotao-search-servlet': startup date [Sun Aug 04 15:04:03 CST 2019]; parent: Root WebApplicationContext
2019-08-04 15:04:05,307 [localhost-startStop-1] [org.springframework.beans.factory.support.DefaultListableBeanFactory]-[DEBUG] Returning eagerly cached instance of singleton bean 'mvcUriComponentsContributor' that is not fully initialized yet - a consequence of a circular reference
2019-08-04 15:04:05,308 [localhost-startStop-1] [org.springframework.beans.factory.support.DefaultListableBeanFactory]-[DEBUG] Finished creating instance of bean '(inner bean)#4b22fad6'
2019-08-04 15:04:05,308 [localhost-startStop-1] [org.springframework.beans.factory.support.DefaultListableBeanFactory]-[DEBUG] Returning cached instance of singleton bean 'org.springframework.format.support.FormattingConversionServiceFactoryBean#0'
2019-08-04 15:04:05,308 [localhost-startStop-1] [org.springframework.beans.factory.support.DefaultListableBeanFactory]-[DEBUG] Invoking afterPropertiesSet() on bean with name 'mvcUriComponentsContributor'
2019-08-04 15:04:05,308 [localhost-startStop-1] [org.springframework.beans.factory.support.DefaultListableBeanFactory]-[DEBUG] Finished creating instance of bean 'mvcUriComponentsContributor'
2019-08-04 15:04:05,308 [localhost-startStop-1] [org.springframework.beans.factory.support.DefaultListableBeanFactory]-[DEBUG] Returning cached instance of singleton bean 'org.springframework.web.servlet.handler.MappedInterceptor#0'
2019-08-04 15:04:05,308 [localhost-startStop-1] [org.springframework.beans.factory.support.DefaultListableBeanFactory]-[DEBUG] Creating shared instance of singleton bean 'org.springframework.web.servlet.mvc.method.annotation.ExceptionHandlerExceptionResolver#0'
2019-08-04 15:04:05,308 [localhost-startStop-1] [org.springframework.beans.factory.support.DefaultListableBeanFactory]-[DEBUG] Creating instance of bean 'org.springframework.web.servlet.mvc.method.annotation.ExceptionHandlerExceptionResolver#0'
2019-08-04 15:04:05,315 [localhost-startStop-1] [org.springframework.beans.factory.support.DefaultListableBeanFactory]-[DEBUG] Eagerly caching bean 'org.springframework.web.servlet.mvc.method.annotation.ExceptionHandlerExceptionResolver#0' to allow for resolving potential circular references
2019-08-04 15:04:05,324 [localhost-startStop-1] [org.springframework.beans.factory.support.DefaultListableBeanFactory]-[DEBUG] Returning cached instance of singleton bean 'mvcContentNegotiationManager'
2019-08-04 15:04:05,324 [localhost-startStop-1] [org.springframework.beans.factory.support.DefaultListableBeanFactory]-[DEBUG] Creating instance of bean '(inner bean)#2015a8f8#2'
2019-08-04 15:04:05,325 [localhost-startStop-1] [org.springframework.beans.factory.support.DefaultListableBeanFactory]-[DEBUG] Finished creating instance of bean '(inner bean)#2015a8f8#2'
2019-08-04 15:04:05,325 [localhost-startStop-1] [org.springframework.beans.factory.support.DefaultListableBeanFactory]-[DEBUG] Creating instance of bean '(inner bean)#72cd87e7#2'
2019-08-04 15:04:05,328 [localhost-startStop-1] [org.springframework.beans.factory.support.DefaultListableBeanFactory]-[DEBUG] Finished creating instance of bean '(inner bean)#72cd87e7#2'
2019-08-04 15:04:05,328 [localhost-startStop-1] [org.springframework.beans.factory.support.DefaultListableBeanFactory]-[DEBUG] Creating instance of bean '(inner bean)#1911a306#2'
2019-08-04 15:04:05,329 [localhost-startStop-1] [org.springframework.beans.factory.support.DefaultListableBeanFactory]-[DEBUG] Finished creating instance of bean '(inner bean)#1911a306#2'
2019-08-04 15:04:05,329 [localhost-startStop-1] [org.springframework.beans.factory.support.DefaultListableBeanFactory]-[DEBUG] Creating instance of bean '(inner bean)#1a3bac06#2'
2019-08-04 15:04:05,332 [localhost-startStop-1] [org.springframework.beans.factory.support.DefaultListableBeanFactory]-[DEBUG] Finished creating instance of bean '(inner bean)#1a3bac06#2'
2019-08-04 15:04:05,332 [localhost-startStop-1] [org.springframework.beans.factory.support.DefaultListableBeanFactory]-[DEBUG] Creating instance of bean '(inner bean)#2220a5ce#2'
2019-08-04 15:04:05,337 [localhost-startStop-1] [org.springframework.beans.factory.support.DefaultListableBeanFactory]-[DEBUG] Finished creating instance of bean '(inner bean)#2220a5ce#2'
2019-08-04 15:04:05,337 [localhost-startStop-1] [org.springframework.beans.factory.support.DefaultListableBeanFactory]-[DEBUG] Creating instance of bean '(inner bean)#6c8a1fb9#2'
2019-08-04 15:04:05,338 [localhost-startStop-1] [org.springframework.beans.factory.support.DefaultListableBeanFactory]-[DEBUG] Finished creating instance of bean '(inner bean)#6c8a1fb9#2'
2019-08-04 15:04:05,338 [localhost-startStop-1] [org.springframework.beans.factory.support.DefaultListableBeanFactory]-[DEBUG] Creating instance of bean '(inner bean)#49530da3#2'
2019-08-04 15:04:05,338 [localhost-startStop-1] [org.springframework.beans.factory.support.DefaultListableBeanFactory]-[DEBUG] Creating instance of bean '(inner bean)#406db2f0#2'
2019-08-04 15:04:05,339 [localhost-startStop-1] [org.springframework.beans.factory.support.DefaultListableBeanFactory]-[DEBUG] Invoking afterPropertiesSet() on bean with name '(inner bean)#406db2f0#2'
2019-08-04 15:04:05,341 [localhost-startStop-1] [org.springframework.beans.factory.support.DefaultListableBeanFactory]-[DEBUG] Finished creating instance of bean '(inner bean)#406db2f0#2'
2019-08-04 15:04:05,342 [localhost-startStop-1] [org.springframework.beans.factory.support.DefaultListableBeanFactory]-[DEBUG] Finished creating instance of bean '(inner bean)#49530da3#2'
2019-08-04 15:04:05,343 [localhost-startStop-1] [org.springframework.beans.factory.support.DefaultListableBeanFactory]-[DEBUG] Creating instance of bean '(inner bean)#2dfcdc6'
2019-08-04 15:04:05,345 [localhost-startStop-1] [org.springframework.beans.factory.support.DefaultListableBeanFactory]-[DEBUG] Finished creating instance of bean '(inner bean)#2dfcdc6'
2019-08-04 15:04:05,346 [localhost-startStop-1] [org.springframework.beans.factory.support.DefaultListableBeanFactory]-[DEBUG] Invoking afterPropertiesSet() on bean with name 'org.springframework.web.servlet.mvc.method.annotation.ExceptionHandlerExceptionResolver#0'
2019-08-04 15:04:05,346 [localhost-startStop-1] [org.springframework.web.servlet.mvc.method.annotation.ExceptionHandlerExceptionResolver]-[DEBUG] Looking for exception mappings: WebApplicationContext for namespace 'taotao-search-servlet': startup date [Sun Aug 04 15:04:03 CST 2019]; parent: Root WebApplicationContext
2019-08-04 15:04:05,347 [localhost-startStop-1] [org.springframework.beans.factory.support.DefaultListableBeanFactory]-[DEBUG] Finished creating instance of bean 'org.springframework.web.servlet.mvc.method.annotation.ExceptionHandlerExceptionResolver#0'
2019-08-04 15:04:05,348 [localhost-startStop-1] [org.springframework.beans.factory.support.DefaultListableBeanFactory]-[DEBUG] Creating shared instance of singleton bean 'org.springframework.web.servlet.mvc.annotation.ResponseStatusExceptionResolver#0'
2019-08-04 15:04:05,348 [localhost-startStop-1] [org.springframework.beans.factory.support.DefaultListableBeanFactory]-[DEBUG] Creating instance of bean 'org.springframework.web.servlet.mvc.annotation.ResponseStatusExceptionResolver#0'
2019-08-04 15:04:05,348 [localhost-startStop-1] [org.springframework.beans.factory.support.DefaultListableBeanFactory]-[DEBUG] Eagerly caching bean 'org.springframework.web.servlet.mvc.annotation.ResponseStatusExceptionResolver#0' to allow for resolving potential circular references
2019-08-04 15:04:05,352 [localhost-startStop-1] [org.springframework.beans.factory.support.DefaultListableBeanFactory]-[DEBUG] Finished creating instance of bean 'org.springframework.web.servlet.mvc.annotation.ResponseStatusExceptionResolver#0'
2019-08-04 15:04:05,354 [localhost-startStop-1] [org.springframework.beans.factory.support.DefaultListableBeanFactory]-[DEBUG] Creating shared instance of singleton bean 'org.springframework.web.servlet.mvc.support.DefaultHandlerExceptionResolver#0'
2019-08-04 15:04:05,354 [localhost-startStop-1] [org.springframework.beans.factory.support.DefaultListableBeanFactory]-[DEBUG] Creating instance of bean 'org.springframework.web.servlet.mvc.support.DefaultHandlerExceptionResolver#0'
2019-08-04 15:04:05,354 [localhost-startStop-1] [org.springframework.beans.factory.support.DefaultListableBeanFactory]-[DEBUG] Eagerly caching bean 'org.springframework.web.servlet.mvc.support.DefaultHandlerExceptionResolver#0' to allow for resolving potential circular references
2019-08-04 15:04:05,360 [localhost-startStop-1] [org.springframework.beans.factory.support.DefaultListableBeanFactory]-[DEBUG] Finished creating instance of bean 'org.springframework.web.servlet.mvc.support.DefaultHandlerExceptionResolver#0'
2019-08-04 15:04:05,364 [localhost-startStop-1] [org.springframework.beans.factory.support.DefaultListableBeanFactory]-[DEBUG] Creating shared instance of singleton bean 'org.springframework.web.servlet.handler.BeanNameUrlHandlerMapping'
2019-08-04 15:04:05,364 [localhost-startStop-1] [org.springframework.beans.factory.support.DefaultListableBeanFactory]-[DEBUG] Creating instance of bean 'org.springframework.web.servlet.handler.BeanNameUrlHandlerMapping'
2019-08-04 15:04:05,368 [localhost-startStop-1] [org.springframework.beans.factory.support.DefaultListableBeanFactory]-[DEBUG] Eagerly caching bean 'org.springframework.web.servlet.handler.BeanNameUrlHandlerMapping' to allow for resolving potential circular references
2019-08-04 15:04:05,390 [localhost-startStop-1] [org.springframework.beans.factory.support.DefaultListableBeanFactory]-[DEBUG] Returning cached instance of singleton bean 'org.springframework.web.servlet.handler.MappedInterceptor#0'
2019-08-04 15:04:05,391 [localhost-startStop-1] [org.springframework.web.servlet.handler.BeanNameUrlHandlerMapping]-[DEBUG] Looking for URL mappings in application context: WebApplicationContext for namespace 'taotao-search-servlet': startup date [Sun Aug 04 15:04:03 CST 2019]; parent: Root WebApplicationContext
2019-08-04 15:04:05,391 [localhost-startStop-1] [org.springframework.web.servlet.handler.BeanNameUrlHandlerMapping]-[DEBUG] Rejected bean name 'itemController': no URL paths identified
2019-08-04 15:04:05,391 [localhost-startStop-1] [org.springframework.web.servlet.handler.BeanNameUrlHandlerMapping]-[DEBUG] Rejected bean name 'searchController': no URL paths identified
2019-08-04 15:04:05,391 [localhost-startStop-1] [org.springframework.web.servlet.handler.BeanNameUrlHandlerMapping]-[DEBUG] Rejected bean name 'org.springframework.context.annotation.internalConfigurationAnnotationProcessor': no URL paths identified
2019-08-04 15:04:05,391 [localhost-startStop-1] [org.springframework.web.servlet.handler.BeanNameUrlHandlerMapping]-[DEBUG] Rejected bean name 'org.springframework.context.annotation.internalAutowiredAnnotationProcessor': no URL paths identified
2019-08-04 15:04:05,391 [localhost-startStop-1] [org.springframework.web.servlet.handler.BeanNameUrlHandlerMapping]-[DEBUG] Rejected bean name 'org.springframework.context.annotation.internalRequiredAnnotationProcessor': no URL paths identified
2019-08-04 15:04:05,391 [localhost-startStop-1] [org.springframework.web.servlet.handler.BeanNameUrlHandlerMapping]-[DEBUG] Rejected bean name 'org.springframework.context.annotation.internalCommonAnnotationProcessor': no URL paths identified
2019-08-04 15:04:05,391 [localhost-startStop-1] [org.springframework.web.servlet.handler.BeanNameUrlHandlerMapping]-[DEBUG] Rejected bean name 'mvcContentNegotiationManager': no URL paths identified
2019-08-04 15:04:05,393 [localhost-startStop-1] [org.springframework.web.servlet.handler.BeanNameUrlHandlerMapping]-[DEBUG] Rejected bean name 'org.springframework.web.servlet.mvc.method.annotation.RequestMappingHandlerMapping#0': no URL paths identified
2019-08-04 15:04:05,393 [localhost-startStop-1] [org.springframework.web.servlet.handler.BeanNameUrlHandlerMapping]-[DEBUG] Rejected bean name 'org.springframework.format.support.FormattingConversionServiceFactoryBean#0': no URL paths identified
2019-08-04 15:04:05,393 [localhost-startStop-1] [org.springframework.web.servlet.handler.BeanNameUrlHandlerMapping]-[DEBUG] Rejected bean name 'org.springframework.web.servlet.mvc.method.annotation.RequestMappingHandlerAdapter#0': no URL paths identified
2019-08-04 15:04:05,393 [localhost-startStop-1] [org.springframework.web.servlet.handler.BeanNameUrlHandlerMapping]-[DEBUG] Rejected bean name 'mvcUriComponentsContributor': no URL paths identified
2019-08-04 15:04:05,393 [localhost-startStop-1] [org.springframework.web.servlet.handler.BeanNameUrlHandlerMapping]-[DEBUG] Rejected bean name 'org.springframework.web.servlet.handler.MappedInterceptor#0': no URL paths identified
2019-08-04 15:04:05,393 [localhost-startStop-1] [org.springframework.web.servlet.handler.BeanNameUrlHandlerMapping]-[DEBUG] Rejected bean name 'org.springframework.web.servlet.mvc.method.annotation.ExceptionHandlerExceptionResolver#0': no URL paths identified
2019-08-04 15:04:05,393 [localhost-startStop-1] [org.springframework.web.servlet.handler.BeanNameUrlHandlerMapping]-[DEBUG] Rejected bean name 'org.springframework.web.servlet.mvc.annotation.ResponseStatusExceptionResolver#0': no URL paths identified
2019-08-04 15:04:05,393 [localhost-startStop-1] [org.springframework.web.servlet.handler.BeanNameUrlHandlerMapping]-[DEBUG] Rejected bean name 'org.springframework.web.servlet.mvc.support.DefaultHandlerExceptionResolver#0': no URL paths identified
2019-08-04 15:04:05,393 [localhost-startStop-1] [org.springframework.web.servlet.handler.BeanNameUrlHandlerMapping]-[DEBUG] Rejected bean name 'org.springframework.web.servlet.handler.BeanNameUrlHandlerMapping': no URL paths identified
2019-08-04 15:04:05,393 [localhost-startStop-1] [org.springframework.web.servlet.handler.BeanNameUrlHandlerMapping]-[DEBUG] Rejected bean name 'org.springframework.web.servlet.mvc.HttpRequestHandlerAdapter': no URL paths identified
2019-08-04 15:04:05,393 [localhost-startStop-1] [org.springframework.web.servlet.handler.BeanNameUrlHandlerMapping]-[DEBUG] Rejected bean name 'org.springframework.web.servlet.mvc.SimpleControllerHandlerAdapter': no URL paths identified
2019-08-04 15:04:05,393 [localhost-startStop-1] [org.springframework.web.servlet.handler.BeanNameUrlHandlerMapping]-[DEBUG] Rejected bean name 'org.springframework.web.servlet.view.InternalResourceViewResolver#0': no URL paths identified
2019-08-04 15:04:05,394 [localhost-startStop-1] [org.springframework.web.servlet.handler.BeanNameUrlHandlerMapping]-[DEBUG] Rejected bean name 'org.springframework.context.annotation.ConfigurationClassPostProcessor.importAwareProcessor': no URL paths identified
2019-08-04 15:04:05,394 [localhost-startStop-1] [org.springframework.web.servlet.handler.BeanNameUrlHandlerMapping]-[DEBUG] Rejected bean name 'org.springframework.context.annotation.ConfigurationClassPostProcessor.enhancedConfigurationProcessor': no URL paths identified
2019-08-04 15:04:05,394 [localhost-startStop-1] [org.springframework.web.servlet.handler.BeanNameUrlHandlerMapping]-[DEBUG] Rejected bean name 'environment': no URL paths identified
2019-08-04 15:04:05,394 [localhost-startStop-1] [org.springframework.web.servlet.handler.BeanNameUrlHandlerMapping]-[DEBUG] Rejected bean name 'systemProperties': no URL paths identified
2019-08-04 15:04:05,394 [localhost-startStop-1] [org.springframework.web.servlet.handler.BeanNameUrlHandlerMapping]-[DEBUG] Rejected bean name 'systemEnvironment': no URL paths identified
2019-08-04 15:04:05,394 [localhost-startStop-1] [org.springframework.web.servlet.handler.BeanNameUrlHandlerMapping]-[DEBUG] Rejected bean name 'servletConfig': no URL paths identified
2019-08-04 15:04:05,394 [localhost-startStop-1] [org.springframework.web.servlet.handler.BeanNameUrlHandlerMapping]-[DEBUG] Rejected bean name 'org.springframework.context.annotation.ConfigurationClassPostProcessor.importRegistry': no URL paths identified
2019-08-04 15:04:05,394 [localhost-startStop-1] [org.springframework.web.servlet.handler.BeanNameUrlHandlerMapping]-[DEBUG] Rejected bean name 'messageSource': no URL paths identified
2019-08-04 15:04:05,394 [localhost-startStop-1] [org.springframework.web.servlet.handler.BeanNameUrlHandlerMapping]-[DEBUG] Rejected bean name 'applicationEventMulticaster': no URL paths identified
2019-08-04 15:04:05,394 [localhost-startStop-1] [org.springframework.beans.factory.support.DefaultListableBeanFactory]-[DEBUG] Finished creating instance of bean 'org.springframework.web.servlet.handler.BeanNameUrlHandlerMapping'
2019-08-04 15:04:05,394 [localhost-startStop-1] [org.springframework.beans.factory.support.DefaultListableBeanFactory]-[DEBUG] Creating shared instance of singleton bean 'org.springframework.web.servlet.mvc.HttpRequestHandlerAdapter'
2019-08-04 15:04:05,395 [localhost-startStop-1] [org.springframework.beans.factory.support.DefaultListableBeanFactory]-[DEBUG] Creating instance of bean 'org.springframework.web.servlet.mvc.HttpRequestHandlerAdapter'
2019-08-04 15:04:05,395 [localhost-startStop-1] [org.springframework.beans.factory.support.DefaultListableBeanFactory]-[DEBUG] Eagerly caching bean 'org.springframework.web.servlet.mvc.HttpRequestHandlerAdapter' to allow for resolving potential circular references
2019-08-04 15:04:05,398 [localhost-startStop-1] [org.springframework.beans.factory.support.DefaultListableBeanFactory]-[DEBUG] Finished creating instance of bean 'org.springframework.web.servlet.mvc.HttpRequestHandlerAdapter'
2019-08-04 15:04:05,398 [localhost-startStop-1] [org.springframework.beans.factory.support.DefaultListableBeanFactory]-[DEBUG] Creating shared instance of singleton bean 'org.springframework.web.servlet.mvc.SimpleControllerHandlerAdapter'
2019-08-04 15:04:05,398 [localhost-startStop-1] [org.springframework.beans.factory.support.DefaultListableBeanFactory]-[DEBUG] Creating instance of bean 'org.springframework.web.servlet.mvc.SimpleControllerHandlerAdapter'
2019-08-04 15:04:05,399 [localhost-startStop-1] [org.springframework.beans.factory.support.DefaultListableBeanFactory]-[DEBUG] Eagerly caching bean 'org.springframework.web.servlet.mvc.SimpleControllerHandlerAdapter' to allow for resolving potential circular references
2019-08-04 15:04:05,402 [localhost-startStop-1] [org.springframework.beans.factory.support.DefaultListableBeanFactory]-[DEBUG] Finished creating instance of bean 'org.springframework.web.servlet.mvc.SimpleControllerHandlerAdapter'
2019-08-04 15:04:05,402 [localhost-startStop-1] [org.springframework.beans.factory.support.DefaultListableBeanFactory]-[DEBUG] Creating shared instance of singleton bean 'org.springframework.web.servlet.view.InternalResourceViewResolver#0'
2019-08-04 15:04:05,402 [localhost-startStop-1] [org.springframework.beans.factory.support.DefaultListableBeanFactory]-[DEBUG] Creating instance of bean 'org.springframework.web.servlet.view.InternalResourceViewResolver#0'
2019-08-04 15:04:05,410 [localhost-startStop-1] [org.springframework.beans.factory.support.DefaultListableBeanFactory]-[DEBUG] Eagerly caching bean 'org.springframework.web.servlet.view.InternalResourceViewResolver#0' to allow for resolving potential circular references
2019-08-04 15:04:05,421 [localhost-startStop-1] [org.springframework.beans.factory.support.DefaultListableBeanFactory]-[DEBUG] Finished creating instance of bean 'org.springframework.web.servlet.view.InternalResourceViewResolver#0'
2019-08-04 15:04:05,423 [localhost-startStop-1] [org.springframework.beans.factory.support.DefaultListableBeanFactory]-[DEBUG] Returning cached instance of singleton bean 'org.springframework.context.annotation.ConfigurationClassPostProcessor.importAwareProcessor'
2019-08-04 15:04:05,423 [localhost-startStop-1] [org.springframework.beans.factory.support.DefaultListableBeanFactory]-[DEBUG] Returning cached instance of singleton bean 'org.springframework.context.annotation.ConfigurationClassPostProcessor.enhancedConfigurationProcessor'
2019-08-04 15:04:05,423 [localhost-startStop-1] [org.springframework.web.context.support.XmlWebApplicationContext]-[DEBUG] Unable to locate LifecycleProcessor with name 'lifecycleProcessor': using default [org.springframework.context.support.DefaultLifecycleProcessor@54898913]
2019-08-04 15:04:05,423 [localhost-startStop-1] [org.springframework.beans.factory.support.DefaultListableBeanFactory]-[DEBUG] Returning cached instance of singleton bean 'lifecycleProcessor'
2019-08-04 15:04:05,424 [localhost-startStop-1] [org.springframework.web.servlet.DispatcherServlet]-[DEBUG] Unable to locate MultipartResolver with name 'multipartResolver': no multipart request handling provided
2019-08-04 15:04:05,424 [localhost-startStop-1] [org.springframework.beans.factory.support.DefaultListableBeanFactory]-[DEBUG] Creating instance of bean 'org.springframework.web.servlet.i18n.AcceptHeaderLocaleResolver'
2019-08-04 15:04:05,428 [localhost-startStop-1] [org.springframework.beans.factory.support.DefaultListableBeanFactory]-[DEBUG] Finished creating instance of bean 'org.springframework.web.servlet.i18n.AcceptHeaderLocaleResolver'
2019-08-04 15:04:05,428 [localhost-startStop-1] [org.springframework.web.servlet.DispatcherServlet]-[DEBUG] Unable to locate LocaleResolver with name 'localeResolver': using default [org.springframework.web.servlet.i18n.AcceptHeaderLocaleResolver@44e7ef12]
2019-08-04 15:04:05,430 [localhost-startStop-1] [org.springframework.beans.factory.support.DefaultListableBeanFactory]-[DEBUG] Creating instance of bean 'org.springframework.web.servlet.theme.FixedThemeResolver'
2019-08-04 15:04:05,435 [localhost-startStop-1] [org.springframework.beans.factory.support.DefaultListableBeanFactory]-[DEBUG] Finished creating instance of bean 'org.springframework.web.servlet.theme.FixedThemeResolver'
2019-08-04 15:04:05,435 [localhost-startStop-1] [org.springframework.web.servlet.DispatcherServlet]-[DEBUG] Unable to locate ThemeResolver with name 'themeResolver': using default [org.springframework.web.servlet.theme.FixedThemeResolver@65651479]
2019-08-04 15:04:05,435 [localhost-startStop-1] [org.springframework.beans.factory.support.DefaultListableBeanFactory]-[DEBUG] Returning cached instance of singleton bean 'org.springframework.web.servlet.mvc.method.annotation.RequestMappingHandlerMapping#0'
2019-08-04 15:04:05,435 [localhost-startStop-1] [org.springframework.beans.factory.support.DefaultListableBeanFactory]-[DEBUG] Returning cached instance of singleton bean 'org.springframework.web.servlet.handler.BeanNameUrlHandlerMapping'
2019-08-04 15:04:05,437 [localhost-startStop-1] [org.springframework.beans.factory.support.DefaultListableBeanFactory]-[DEBUG] Returning cached instance of singleton bean 'org.springframework.web.servlet.mvc.method.annotation.RequestMappingHandlerAdapter#0'
2019-08-04 15:04:05,437 [localhost-startStop-1] [org.springframework.beans.factory.support.DefaultListableBeanFactory]-[DEBUG] Returning cached instance of singleton bean 'org.springframework.web.servlet.mvc.HttpRequestHandlerAdapter'
2019-08-04 15:04:05,437 [localhost-startStop-1] [org.springframework.beans.factory.support.DefaultListableBeanFactory]-[DEBUG] Returning cached instance of singleton bean 'org.springframework.web.servlet.mvc.SimpleControllerHandlerAdapter'
2019-08-04 15:04:05,437 [localhost-startStop-1] [org.springframework.beans.factory.support.DefaultListableBeanFactory]-[DEBUG] Returning cached instance of singleton bean 'org.springframework.web.servlet.mvc.method.annotation.ExceptionHandlerExceptionResolver#0'
2019-08-04 15:04:05,437 [localhost-startStop-1] [org.springframework.beans.factory.support.DefaultListableBeanFactory]-[DEBUG] Returning cached instance of singleton bean 'org.springframework.web.servlet.mvc.annotation.ResponseStatusExceptionResolver#0'
2019-08-04 15:04:05,438 [localhost-startStop-1] [org.springframework.beans.factory.support.DefaultListableBeanFactory]-[DEBUG] Returning cached instance of singleton bean 'org.springframework.web.servlet.mvc.support.DefaultHandlerExceptionResolver#0'
2019-08-04 15:04:05,438 [localhost-startStop-1] [org.springframework.beans.factory.support.DefaultListableBeanFactory]-[DEBUG] Creating instance of bean 'org.springframework.web.servlet.view.DefaultRequestToViewNameTranslator'
2019-08-04 15:04:05,442 [localhost-startStop-1] [org.springframework.beans.factory.support.DefaultListableBeanFactory]-[DEBUG] Finished creating instance of bean 'org.springframework.web.servlet.view.DefaultRequestToViewNameTranslator'
2019-08-04 15:04:05,442 [localhost-startStop-1] [org.springframework.web.servlet.DispatcherServlet]-[DEBUG] Unable to locate RequestToViewNameTranslator with name 'viewNameTranslator': using default [org.springframework.web.servlet.view.DefaultRequestToViewNameTranslator@dcce794]
2019-08-04 15:04:05,443 [localhost-startStop-1] [org.springframework.beans.factory.support.DefaultListableBeanFactory]-[DEBUG] Returning cached instance of singleton bean 'org.springframework.web.servlet.view.InternalResourceViewResolver#0'
2019-08-04 15:04:05,445 [localhost-startStop-1] [org.springframework.beans.factory.support.DefaultListableBeanFactory]-[DEBUG] Creating instance of bean 'org.springframework.web.servlet.support.SessionFlashMapManager'
2019-08-04 15:04:05,450 [localhost-startStop-1] [org.springframework.beans.factory.support.DefaultListableBeanFactory]-[DEBUG] Finished creating instance of bean 'org.springframework.web.servlet.support.SessionFlashMapManager'
2019-08-04 15:04:05,451 [localhost-startStop-1] [org.springframework.web.servlet.DispatcherServlet]-[DEBUG] Unable to locate FlashMapManager with name 'flashMapManager': using default [org.springframework.web.servlet.support.SessionFlashMapManager@1ed803f9]
2019-08-04 15:04:05,451 [localhost-startStop-1] [org.springframework.core.env.PropertySourcesPropertyResolver]-[DEBUG] Searching for key 'spring.liveBeansView.mbeanDomain' in [servletConfigInitParams]
2019-08-04 15:04:05,451 [localhost-startStop-1] [org.springframework.core.env.PropertySourcesPropertyResolver]-[DEBUG] Searching for key 'spring.liveBeansView.mbeanDomain' in [servletContextInitParams]
2019-08-04 15:04:05,451 [localhost-startStop-1] [org.springframework.core.env.PropertySourcesPropertyResolver]-[DEBUG] Searching for key 'spring.liveBeansView.mbeanDomain' in [jndiProperties]
2019-08-04 15:04:05,451 [localhost-startStop-1] [org.springframework.jndi.JndiTemplate]-[DEBUG] Looking up JNDI object with name [java:comp/env/spring.liveBeansView.mbeanDomain]
2019-08-04 15:04:05,452 [localhost-startStop-1] [org.springframework.jndi.JndiLocatorDelegate]-[DEBUG] Converted JNDI name [java:comp/env/spring.liveBeansView.mbeanDomain] not found - trying original name [spring.liveBeansView.mbeanDomain]. javax.naming.NameNotFoundException: Name [spring.liveBeansView.mbeanDomain] is not bound in this Context. Unable to find [spring.liveBeansView.mbeanDomain].
2019-08-04 15:04:05,452 [localhost-startStop-1] [org.springframework.jndi.JndiTemplate]-[DEBUG] Looking up JNDI object with name [spring.liveBeansView.mbeanDomain]
2019-08-04 15:04:05,452 [localhost-startStop-1] [org.springframework.jndi.JndiPropertySource]-[DEBUG] JNDI lookup for name [spring.liveBeansView.mbeanDomain] threw NamingException with message: Name [spring.liveBeansView.mbeanDomain] is not bound in this Context. Unable to find [spring.liveBeansView.mbeanDomain].. Returning null.
2019-08-04 15:04:05,452 [localhost-startStop-1] [org.springframework.core.env.PropertySourcesPropertyResolver]-[DEBUG] Searching for key 'spring.liveBeansView.mbeanDomain' in [systemProperties]
2019-08-04 15:04:05,452 [localhost-startStop-1] [org.springframework.core.env.PropertySourcesPropertyResolver]-[DEBUG] Searching for key 'spring.liveBeansView.mbeanDomain' in [systemEnvironment]
2019-08-04 15:04:05,454 [localhost-startStop-1] [org.springframework.core.env.PropertySourcesPropertyResolver]-[DEBUG] Could not find key 'spring.liveBeansView.mbeanDomain' in any property source. Returning [null]
2019-08-04 15:04:05,454 [localhost-startStop-1] [org.springframework.web.servlet.DispatcherServlet]-[DEBUG] Published WebApplicationContext of servlet 'taotao-search' as ServletContext attribute with name [org.springframework.web.servlet.FrameworkServlet.CONTEXT.taotao-search]
2019-08-04 15:04:05,454 [localhost-startStop-1] [org.springframework.web.servlet.DispatcherServlet]-[INFO] FrameworkServlet 'taotao-search': initialization completed in 2035 ms
2019-08-04 15:04:05,454 [localhost-startStop-1] [org.springframework.web.servlet.DispatcherServlet]-[DEBUG] Servlet 'taotao-search' configured successfully
